# JRE version: OpenJDK Runtime Environment (8.0_171-b11) (build 1.8.0_171-8u171-b11-0ubuntu0.16.04.1-b11)
# Java VM: OpenJDK 64-Bit Server VM (25.171-b11 mixed mode linux-amd64 compressed oops)
Heap:
 PSYoungGen      total 348160K, used 51827K [0x0000000742b00000, 0x0000000760500000, 0x00000007c0000000)
  eden space 337408K, 12% used [0x0000000742b00000,0x000000074532cdb0,0x0000000757480000)
  from space 10752K, 99% used [0x000000075fa80000,0x00000007604f00e0,0x0000000760500000)
  to   space 23040K, 0% used [0x000000075d800000,0x000000075d800000,0x000000075ee80000)
 ParOldGen       total 170496K, used 40880K [0x0000000648000000, 0x0000000652680000, 0x0000000742b00000)
  object space 170496K, 23% used [0x0000000648000000,0x000000064a7ec2e8,0x0000000652680000)
 Metaspace       used 51036K, capacity 53928K, committed 54104K, reserved 1095680K
  class space    used 6617K, capacity 7215K, committed 7256K, reserved 1048576K
GC Heap History (10 events):
Event: 4795.517 GC heap before
{Heap before GC invocations=12 (full 2):
 PSYoungGen      total 427520K, used 419669K [0x0000000742b00000, 0x0000000763480000, 0x00000007c0000000)
  eden space 403456K, 100% used [0x0000000742b00000,0x000000075b500000,0x000000075b500000)
  from space 24064K, 67% used [0x000000075b500000,0x000000075c4d56c8,0x000000075cc80000)
  to   space 23552K, 0% used [0x0000000761d80000,0x0000000761d80000,0x0000000763480000)
 ParOldGen       total 170496K, used 30396K [0x0000000648000000, 0x0000000652680000, 0x0000000742b00000)
  object space 170496K, 17% used [0x0000000648000000,0x0000000649daf2b0,0x0000000652680000)
 Metaspace       used 50113K, capacity 52730K, committed 52952K, reserved 1095680K
  class space    used 6547K, capacity 7104K, committed 7128K, reserved 1048576K
Event: 4795.549 GC heap after
Heap after GC invocations=12 (full 2):
 PSYoungGen      total 405504K, used 16309K [0x0000000742b00000, 0x0000000762d80000, 0x00000007c0000000)
  eden space 389120K, 0% used [0x0000000742b00000,0x0000000742b00000,0x000000075a700000)
  from space 16384K, 99% used [0x0000000761d80000,0x0000000762d6d7f8,0x0000000762d80000)
  to   space 23040K, 0% used [0x0000000760080000,0x0000000760080000,0x0000000761700000)
 ParOldGen       total 170496K, used 30404K [0x0000000648000000, 0x0000000652680000, 0x0000000742b00000)
  object space 170496K, 17% used [0x0000000648000000,0x0000000649db12b0,0x0000000652680000)
 Metaspace       used 50113K, capacity 52730K, committed 52952K, reserved 1095680K
  class space    used 6547K, capacity 7104K, committed 7128K, reserved 1048576K
}
Event: 6287.916 GC heap before
{Heap before GC invocations=13 (full 2):
 PSYoungGen      total 405504K, used 405429K [0x0000000742b00000, 0x0000000762d80000, 0x00000007c0000000)
  eden space 389120K, 100% used [0x0000000742b00000,0x000000075a700000,0x000000075a700000)
  from space 16384K, 99% used [0x0000000761d80000,0x0000000762d6d7f8,0x0000000762d80000)
  to   space 23040K, 0% used [0x0000000760080000,0x0000000760080000,0x0000000761700000)
 ParOldGen       total 170496K, used 30404K [0x0000000648000000, 0x0000000652680000, 0x0000000742b00000)
  object space 170496K, 17% used [0x0000000648000000,0x0000000649db12b0,0x0000000652680000)
 Metaspace       used 50310K, capacity 52922K, committed 52952K, reserved 1095680K
  class space    used 6547K, capacity 7104K, committed 7128K, reserved 1048576K
Event: 6287.947 GC heap after
Heap after GC invocations=13 (full 2):
 PSYoungGen      total 391680K, used 16208K [0x0000000742b00000, 0x0000000761e00000, 0x00000007c0000000)
  eden space 375296K, 0% used [0x0000000742b00000,0x0000000742b00000,0x0000000759980000)
  from space 16384K, 98% used [0x0000000760080000,0x0000000761054348,0x0000000761080000)
  to   space 13824K, 0% used [0x0000000761080000,0x0000000761080000,0x0000000761e00000)
 ParOldGen       total 170496K, used 30412K [0x0000000648000000, 0x0000000652680000, 0x0000000742b00000)
  object space 170496K, 17% used [0x0000000648000000,0x0000000649db32b0,0x0000000652680000)
 Metaspace       used 50310K, capacity 52922K, committed 52952K, reserved 1095680K
  class space    used 6547K, capacity 7104K, committed 7128K, reserved 1048576K
}
Event: 7735.136 GC heap before
{Heap before GC invocations=14 (full 2):
 PSYoungGen      total 391680K, used 391504K [0x0000000742b00000, 0x0000000761e00000, 0x00000007c0000000)
  eden space 375296K, 100% used [0x0000000742b00000,0x0000000759980000,0x0000000759980000)
  from space 16384K, 98% used [0x0000000760080000,0x0000000761054348,0x0000000761080000)
  to   space 13824K, 0% used [0x0000000761080000,0x0000000761080000,0x0000000761e00000)
 ParOldGen       total 170496K, used 30412K [0x0000000648000000, 0x0000000652680000, 0x0000000742b00000)
  object space 170496K, 17% used [0x0000000648000000,0x0000000649db32b0,0x0000000652680000)
 Metaspace       used 50326K, capacity 52922K, committed 52952K, reserved 1095680K
  class space    used 6547K, capacity 7104K, committed 7128K, reserved 1048576K
Event: 7735.164 GC heap after
Heap after GC invocations=14 (full 2):
 PSYoungGen      total 375808K, used 13793K [0x0000000742b00000, 0x0000000761e00000, 0x00000007c0000000)
  eden space 361984K, 0% used [0x0000000742b00000,0x0000000742b00000,0x0000000758c80000)
  from space 13824K, 99% used [0x0000000761080000,0x0000000761df8458,0x0000000761e00000)
  to   space 22528K, 0% used [0x000000075f200000,0x000000075f200000,0x0000000760800000)
 ParOldGen       total 170496K, used 32204K [0x0000000648000000, 0x0000000652680000, 0x0000000742b00000)
  object space 170496K, 18% used [0x0000000648000000,0x0000000649f732b0,0x0000000652680000)
 Metaspace       used 50326K, capacity 52922K, committed 52952K, reserved 1095680K
  class space    used 6547K, capacity 7104K, committed 7128K, reserved 1048576K
}
Event: 9127.271 GC heap before
{Heap before GC invocations=15 (full 2):
 PSYoungGen      total 375808K, used 375777K [0x0000000742b00000, 0x0000000761e00000, 0x00000007c0000000)
  eden space 361984K, 100% used [0x0000000742b00000,0x0000000758c80000,0x0000000758c80000)
  from space 13824K, 99% used [0x0000000761080000,0x0000000761df8458,0x0000000761e00000)
  to   space 22528K, 0% used [0x000000075f200000,0x000000075f200000,0x0000000760800000)
 ParOldGen       total 170496K, used 32204K [0x0000000648000000, 0x0000000652680000, 0x0000000742b00000)
  object space 170496K, 18% used [0x0000000648000000,0x0000000649f732b0,0x0000000652680000)
 Metaspace       used 50339K, capacity 52922K, committed 52952K, reserved 1095680K
  class space    used 6547K, capacity 7104K, committed 7128K, reserved 1048576K
Event: 9127.300 GC heap after
Heap after GC invocations=15 (full 2):
 PSYoungGen      total 356352K, used 6704K [0x0000000742b00000, 0x0000000761100000, 0x00000007c0000000)
  eden space 349184K, 0% used [0x0000000742b00000,0x0000000742b00000,0x0000000758000000)
  from space 7168K, 93% used [0x000000075f200000,0x000000075f88c060,0x000000075f900000)
  to   space 23040K, 0% used [0x000000075fa80000,0x000000075fa80000,0x0000000761100000)
 ParOldGen       total 170496K, used 40872K [0x0000000648000000, 0x0000000652680000, 0x0000000742b00000)
  object space 170496K, 23% used [0x0000000648000000,0x000000064a7ea2e8,0x0000000652680000)
 Metaspace       used 50339K, capacity 52922K, committed 52952K, reserved 1095680K
  class space    used 6547K, capacity 7104K, committed 7128K, reserved 1048576K
}
Event: 9627.843 GC heap before
{Heap before GC invocations=16 (full 2):
 PSYoungGen      total 356352K, used 354379K [0x0000000742b00000, 0x0000000761100000, 0x00000007c0000000)
  eden space 349184K, 99% used [0x0000000742b00000,0x0000000757e86c08,0x0000000758000000)
  from space 7168K, 93% used [0x000000075f200000,0x000000075f88c060,0x000000075f900000)
  to   space 23040K, 0% used [0x000000075fa80000,0x000000075fa80000,0x0000000761100000)
 ParOldGen       total 170496K, used 40872K [0x0000000648000000, 0x0000000652680000, 0x0000000742b00000)
  object space 170496K, 23% used [0x0000000648000000,0x000000064a7ea2e8,0x0000000652680000)
 Metaspace       used 50987K, capacity 53898K, committed 54104K, reserved 1095680K
  class space    used 6614K, capacity 7210K, committed 7256K, reserved 1048576K
Event: 9627.855 GC heap after
Heap after GC invocations=16 (full 2):
 PSYoungGen      total 348160K, used 10688K [0x0000000742b00000, 0x0000000760500000, 0x00000007c0000000)
  eden space 337408K, 0% used [0x0000000742b00000,0x0000000742b00000,0x0000000757480000)
  from space 10752K, 99% used [0x000000075fa80000,0x00000007604f00e0,0x0000000760500000)
  to   space 23040K, 0% used [0x000000075d800000,0x000000075d800000,0x000000075ee80000)
 ParOldGen       total 170496K, used 40880K [0x0000000648000000, 0x0000000652680000, 0x0000000742b00000)
  object space 170496K, 23% used [0x0000000648000000,0x000000064a7ec2e8,0x0000000652680000)
 Metaspace       used 50987K, capacity 53898K, committed 54104K, reserved 1095680K
  class space    used 6614K, capacity 7210K, committed 7256K, reserved 1048576K
}

