# JRE version: Java(TM) SE Runtime Environment (8.0_144-b01) (build 1.8.0_144-b01)
# Java VM: Java HotSpot(TM) 64-Bit Server VM (25.144-b01 mixed mode linux-amd64 compressed oops)
Heap:
 PSYoungGen      total 172032K, used 56508K [0x00000000d6b00000, 0x00000000e2b00000, 0x0000000100000000)
  eden space 159744K, 31% used [0x00000000d6b00000,0x00000000d9bb7308,0x00000000e0700000)
  from space 12288K, 53% used [0x00000000e1f00000,0x00000000e2578070,0x00000000e2b00000)
  to   space 18432K, 0% used [0x00000000e0700000,0x00000000e0700000,0x00000000e1900000)
 ParOldGen       total 89088K, used 31114K [0x0000000084000000, 0x0000000089700000, 0x00000000d6b00000)
  object space 89088K, 34% used [0x0000000084000000,0x0000000085e62b08,0x0000000089700000)
 Metaspace       used 45218K, capacity 46303K, committed 46592K, reserved 1089536K
  class space    used 5608K, capacity 5848K, committed 5888K, reserved 1048576K
GC Heap History (10 events):
Event: 1169.001 GC heap before
{Heap before GC invocations=12 (full 2):
 PSYoungGen      total 165376K, used 163608K [0x00000000d6b00000, 0x00000000e3e80000, 0x0000000100000000)
  eden space 150528K, 100% used [0x00000000d6b00000,0x00000000dfe00000,0x00000000dfe00000)
  from space 14848K, 88% used [0x00000000dfe00000,0x00000000e0ac6108,0x00000000e0c80000)
  to   space 15360K, 0% used [0x00000000e2f80000,0x00000000e2f80000,0x00000000e3e80000)
 ParOldGen       total 89088K, used 22131K [0x0000000084000000, 0x0000000089700000, 0x00000000d6b00000)
  object space 89088K, 24% used [0x0000000084000000,0x000000008559cd80,0x0000000089700000)
 Metaspace       used 44149K, capacity 45215K, committed 45312K, reserved 1089536K
  class space    used 5603K, capacity 5848K, committed 5888K, reserved 1048576K
Event: 1169.025 GC heap after
Heap after GC invocations=12 (full 2):
 PSYoungGen      total 199680K, used 13865K [0x00000000d6b00000, 0x00000000e3f00000, 0x0000000100000000)
  eden space 184320K, 0% used [0x00000000d6b00000,0x00000000d6b00000,0x00000000e1f00000)
  from space 15360K, 90% used [0x00000000e2f80000,0x00000000e3d0a7a0,0x00000000e3e80000)
  to   space 16384K, 0% used [0x00000000e1f00000,0x00000000e1f00000,0x00000000e2f00000)
 ParOldGen       total 89088K, used 22139K [0x0000000084000000, 0x0000000089700000, 0x00000000d6b00000)
  object space 89088K, 24% used [0x0000000084000000,0x000000008559ed80,0x0000000089700000)
 Metaspace       used 44149K, capacity 45215K, committed 45312K, reserved 1089536K
  class space    used 5603K, capacity 5848K, committed 5888K, reserved 1048576K
}
Event: 1855.285 GC heap before
{Heap before GC invocations=13 (full 2):
 PSYoungGen      total 199680K, used 198185K [0x00000000d6b00000, 0x00000000e3f00000, 0x0000000100000000)
  eden space 184320K, 100% used [0x00000000d6b00000,0x00000000e1f00000,0x00000000e1f00000)
  from space 15360K, 90% used [0x00000000e2f80000,0x00000000e3d0a7a0,0x00000000e3e80000)
  to   space 16384K, 0% used [0x00000000e1f00000,0x00000000e1f00000,0x00000000e2f00000)
 ParOldGen       total 89088K, used 22139K [0x0000000084000000, 0x0000000089700000, 0x00000000d6b00000)
  object space 89088K, 24% used [0x0000000084000000,0x000000008559ed80,0x0000000089700000)
 Metaspace       used 44480K, capacity 45535K, committed 45824K, reserved 1089536K
  class space    used 5604K, capacity 5848K, committed 5888K, reserved 1048576K
Event: 1855.331 GC heap after
Heap after GC invocations=13 (full 2):
 PSYoungGen      total 192512K, used 14746K [0x00000000d6b00000, 0x00000000e3a80000, 0x0000000100000000)
  eden space 177664K, 0% used [0x00000000d6b00000,0x00000000d6b00000,0x00000000e1880000)
  from space 14848K, 99% used [0x00000000e1f00000,0x00000000e2d668c0,0x00000000e2d80000)
  to   space 13312K, 0% used [0x00000000e2d80000,0x00000000e2d80000,0x00000000e3a80000)
 ParOldGen       total 89088K, used 22147K [0x0000000084000000, 0x0000000089700000, 0x00000000d6b00000)
  object space 89088K, 24% used [0x0000000084000000,0x00000000855a0d80,0x0000000089700000)
 Metaspace       used 44480K, capacity 45535K, committed 45824K, reserved 1089536K
  class space    used 5604K, capacity 5848K, committed 5888K, reserved 1048576K
}
Event: 2626.808 GC heap before
{Heap before GC invocations=14 (full 2):
 PSYoungGen      total 192512K, used 192410K [0x00000000d6b00000, 0x00000000e3a80000, 0x0000000100000000)
  eden space 177664K, 100% used [0x00000000d6b00000,0x00000000e1880000,0x00000000e1880000)
  from space 14848K, 99% used [0x00000000e1f00000,0x00000000e2d668c0,0x00000000e2d80000)
  to   space 13312K, 0% used [0x00000000e2d80000,0x00000000e2d80000,0x00000000e3a80000)
 ParOldGen       total 89088K, used 22147K [0x0000000084000000, 0x0000000089700000, 0x00000000d6b00000)
  object space 89088K, 24% used [0x0000000084000000,0x00000000855a0d80,0x0000000089700000)
 Metaspace       used 44751K, capacity 45855K, committed 46080K, reserved 1089536K
  class space    used 5605K, capacity 5848K, committed 5888K, reserved 1048576K
Event: 2626.830 GC heap after
Heap after GC invocations=14 (full 2):
 PSYoungGen      total 184832K, used 13281K [0x00000000d6b00000, 0x00000000e3a80000, 0x0000000100000000)
  eden space 171520K, 0% used [0x00000000d6b00000,0x00000000d6b00000,0x00000000e1280000)
  from space 13312K, 99% used [0x00000000e2d80000,0x00000000e3a78620,0x00000000e3a80000)
  to   space 17920K, 0% used [0x00000000e1780000,0x00000000e1780000,0x00000000e2900000)
 ParOldGen       total 89088K, used 23667K [0x0000000084000000, 0x0000000089700000, 0x00000000d6b00000)
  object space 89088K, 26% used [0x0000000084000000,0x000000008571cd80,0x0000000089700000)
 Metaspace       used 44751K, capacity 45855K, committed 46080K, reserved 1089536K
  class space    used 5605K, capacity 5848K, committed 5888K, reserved 1048576K
}
Event: 3368.095 GC heap before
{Heap before GC invocations=15 (full 2):
 PSYoungGen      total 184832K, used 184801K [0x00000000d6b00000, 0x00000000e3a80000, 0x0000000100000000)
  eden space 171520K, 100% used [0x00000000d6b00000,0x00000000e1280000,0x00000000e1280000)
  from space 13312K, 99% used [0x00000000e2d80000,0x00000000e3a78620,0x00000000e3a80000)
  to   space 17920K, 0% used [0x00000000e1780000,0x00000000e1780000,0x00000000e2900000)
 ParOldGen       total 89088K, used 23667K [0x0000000084000000, 0x0000000089700000, 0x00000000d6b00000)
  object space 89088K, 26% used [0x0000000084000000,0x000000008571cd80,0x0000000089700000)
 Metaspace       used 44814K, capacity 45855K, committed 46080K, reserved 1089536K
  class space    used 5606K, capacity 5848K, committed 5888K, reserved 1048576K
Event: 3368.120 GC heap after
Heap after GC invocations=15 (full 2):
 PSYoungGen      total 173056K, used 7216K [0x00000000d6b00000, 0x00000000e3080000, 0x0000000100000000)
  eden space 165376K, 0% used [0x00000000d6b00000,0x00000000d6b00000,0x00000000e0c80000)
  from space 7680K, 93% used [0x00000000e1780000,0x00000000e1e8c080,0x00000000e1f00000)
  to   space 17920K, 0% used [0x00000000e1f00000,0x00000000e1f00000,0x00000000e3080000)
 ParOldGen       total 89088K, used 31114K [0x0000000084000000, 0x0000000089700000, 0x00000000d6b00000)
  object space 89088K, 34% used [0x0000000084000000,0x0000000085e62b08,0x0000000089700000)
 Metaspace       used 44814K, capacity 45855K, committed 46080K, reserved 1089536K
  class space    used 5606K, capacity 5848K, committed 5888K, reserved 1048576K
}
Event: 4089.319 GC heap before
{Heap before GC invocations=16 (full 2):
 PSYoungGen      total 173056K, used 172592K [0x00000000d6b00000, 0x00000000e3080000, 0x0000000100000000)
  eden space 165376K, 100% used [0x00000000d6b00000,0x00000000e0c80000,0x00000000e0c80000)
  from space 7680K, 93% used [0x00000000e1780000,0x00000000e1e8c080,0x00000000e1f00000)
  to   space 17920K, 0% used [0x00000000e1f00000,0x00000000e1f00000,0x00000000e3080000)
 ParOldGen       total 89088K, used 31114K [0x0000000084000000, 0x0000000089700000, 0x00000000d6b00000)
  object space 89088K, 34% used [0x0000000084000000,0x0000000085e62b08,0x0000000089700000)
 Metaspace       used 45205K, capacity 46239K, committed 46336K, reserved 1089536K
  class space    used 5606K, capacity 5848K, committed 5888K, reserved 1048576K
Event: 4089.334 GC heap after
Heap after GC invocations=16 (full 2):
 PSYoungGen      total 172032K, used 6624K [0x00000000d6b00000, 0x00000000e2b00000, 0x0000000100000000)
  eden space 159744K, 0% used [0x00000000d6b00000,0x00000000d6b00000,0x00000000e0700000)
  from space 12288K, 53% used [0x00000000e1f00000,0x00000000e2578070,0x00000000e2b00000)
  to   space 18432K, 0% used [0x00000000e0700000,0x00000000e0700000,0x00000000e1900000)
 ParOldGen       total 89088K, used 31114K [0x0000000084000000, 0x0000000089700000, 0x00000000d6b00000)
  object space 89088K, 34% used [0x0000000084000000,0x0000000085e62b08,0x0000000089700000)
 Metaspace       used 45205K, capacity 46239K, committed 46336K, reserved 1089536K
  class space    used 5606K, capacity 5848K, committed 5888K, reserved 1048576K
}

